{"C:\\Users\\Thomas\\devops-dashboard\\src\\app.ts": {"path":"C:\\Users\\Thomas\\devops-dashboard\\src\\app.ts","statementMap":{"0":{"start":{"line":1,"column":0},"end":{"line":1,"column":23}},"1":{"start":{"line":2,"column":0},"end":{"line":2,"column":53}},"2":{"start":{"line":3,"column":0},"end":{"line":3,"column":46}},"3":{"start":{"line":4,"column":0},"end":{"line":4,"column":46}},"4":{"start":{"line":5,"column":0},"end":{"line":5,"column":24}},"5":{"start":{"line":6,"column":0},"end":{"line":6,"column":41}},"6":{"start":{"line":7,"column":0},"end":{"line":7,"column":57}},"7":{"start":{"line":8,"column":0},"end":{"line":8,"column":33}},"8":{"start":{"line":11,"column":13},"end":{"line":11,"column":29}},"9":{"start":{"line":13,"column":0},"end":{"line":24,"column":null}},"10":{"start":{"line":14,"column":18},"end":{"line":14,"column":28}},"11":{"start":{"line":15,"column":4},"end":{"line":22,"column":null}},"12":{"start":{"line":16,"column":8},"end":{"line":21,"column":null}},"13":{"start":{"line":23,"column":4},"end":{"line":23,"column":null}},"14":{"start":{"line":26,"column":0},"end":{"line":29,"column":null}},"15":{"start":{"line":30,"column":0},"end":{"line":30,"column":null}},"16":{"start":{"line":31,"column":0},"end":{"line":31,"column":null}},"17":{"start":{"line":32,"column":0},"end":{"line":32,"column":null}},"18":{"start":{"line":33,"column":0},"end":{"line":33,"column":null}},"19":{"start":{"line":34,"column":0},"end":{"line":34,"column":null}},"20":{"start":{"line":36,"column":0},"end":{"line":38,"column":null}},"21":{"start":{"line":37,"column":4},"end":{"line":37,"column":null}}},"fnMap":{"0":{"name":"(anonymous_1)","decl":{"start":{"line":13,"column":8},"end":{"line":13,"column":9}},"loc":{"start":{"line":13,"column":27},"end":{"line":24,"column":1}}},"1":{"name":"(anonymous_2)","decl":{"start":{"line":15,"column":21},"end":{"line":15,"column":24}},"loc":{"start":{"line":15,"column":26},"end":{"line":22,"column":5}}},"2":{"name":"(anonymous_3)","decl":{"start":{"line":36,"column":19},"end":{"line":36,"column":20}},"loc":{"start":{"line":36,"column":51},"end":{"line":38,"column":1}}}},"branchMap":{},"s":{"0":2,"1":2,"2":2,"3":2,"4":2,"5":2,"6":2,"7":2,"8":2,"9":2,"10":42,"11":42,"12":42,"13":42,"14":2,"15":2,"16":2,"17":2,"18":2,"19":2,"20":2,"21":0},"f":{"0":42,"1":42,"2":0},"b":{}}
,"C:\\Users\\Thomas\\devops-dashboard\\src\\controllers\\auth.controller.ts": {"path":"C:\\Users\\Thomas\\devops-dashboard\\src\\controllers\\auth.controller.ts","statementMap":{"0":{"start":{"line":8,"column":0},"end":{"line":8,"column":7}},"1":{"start":{"line":38,"column":0},"end":{"line":38,"column":7}},"2":{"start":{"line":80,"column":0},"end":{"line":80,"column":7}},"3":{"start":{"line":122,"column":0},"end":{"line":122,"column":7}},"4":{"start":{"line":2,"column":0},"end":{"line":2,"column":27}},"5":{"start":{"line":3,"column":0},"end":{"line":3,"column":34}},"6":{"start":{"line":4,"column":0},"end":{"line":4,"column":82}},"7":{"start":{"line":5,"column":0},"end":{"line":5,"column":51}},"8":{"start":{"line":6,"column":0},"end":{"line":6,"column":43}},"9":{"start":{"line":9,"column":2},"end":{"line":35,"column":3}},"10":{"start":{"line":10,"column":38},"end":{"line":10,"column":46}},"11":{"start":{"line":11,"column":27},"end":{"line":11,"column":58}},"12":{"start":{"line":13,"column":17},"end":{"line":16,"column":6}},"13":{"start":{"line":18,"column":24},"end":{"line":18,"column":48}},"14":{"start":{"line":19,"column":25},"end":{"line":19,"column":50}},"15":{"start":{"line":21,"column":4},"end":{"line":27,"column":null}},"16":{"start":{"line":29,"column":4},"end":{"line":29,"column":null}},"17":{"start":{"line":31,"column":4},"end":{"line":33,"column":5}},"18":{"start":{"line":32,"column":6},"end":{"line":32,"column":null}},"19":{"start":{"line":34,"column":4},"end":{"line":34,"column":null}},"20":{"start":{"line":39,"column":30},"end":{"line":39,"column":38}},"21":{"start":{"line":41,"column":2},"end":{"line":77,"column":3}},"22":{"start":{"line":42,"column":17},"end":{"line":42,"column":67}},"23":{"start":{"line":44,"column":4},"end":{"line":46,"column":5}},"24":{"start":{"line":45,"column":6},"end":{"line":45,"column":null}},"25":{"start":{"line":48,"column":18},"end":{"line":48,"column":63}},"26":{"start":{"line":50,"column":4},"end":{"line":52,"column":5}},"27":{"start":{"line":51,"column":6},"end":{"line":51,"column":null}},"28":{"start":{"line":54,"column":24},"end":{"line":54,"column":48}},"29":{"start":{"line":55,"column":25},"end":{"line":55,"column":50}},"30":{"start":{"line":57,"column":4},"end":{"line":63,"column":null}},"31":{"start":{"line":65,"column":52},"end":{"line":65,"column":56}},"32":{"start":{"line":67,"column":4},"end":{"line":72,"column":null}},"33":{"start":{"line":74,"column":4},"end":{"line":74,"column":null}},"34":{"start":{"line":76,"column":4},"end":{"line":76,"column":null}},"35":{"start":{"line":81,"column":23},"end":{"line":81,"column":47}},"36":{"start":{"line":83,"column":2},"end":{"line":85,"column":3}},"37":{"start":{"line":84,"column":4},"end":{"line":84,"column":null}},"38":{"start":{"line":87,"column":2},"end":{"line":119,"column":3}},"39":{"start":{"line":88,"column":20},"end":{"line":88,"column":52}},"40":{"start":{"line":90,"column":19},"end":{"line":90,"column":91}},"41":{"start":{"line":92,"column":4},"end":{"line":94,"column":5}},"42":{"start":{"line":93,"column":6},"end":{"line":93,"column":null}},"43":{"start":{"line":96,"column":24},"end":{"line":96,"column":55}},"44":{"start":{"line":97,"column":28},"end":{"line":97,"column":60}},"45":{"start":{"line":99,"column":4},"end":{"line":99,"column":null}},"46":{"start":{"line":100,"column":4},"end":{"line":106,"column":null}},"47":{"start":{"line":108,"column":4},"end":{"line":113,"column":null}},"48":{"start":{"line":115,"column":4},"end":{"line":115,"column":null}},"49":{"start":{"line":118,"column":4},"end":{"line":118,"column":null}},"50":{"start":{"line":123,"column":2},"end":{"line":139,"column":3}},"51":{"start":{"line":124,"column":25},"end":{"line":124,"column":49}},"52":{"start":{"line":126,"column":4},"end":{"line":128,"column":5}},"53":{"start":{"line":127,"column":6},"end":{"line":127,"column":null}},"54":{"start":{"line":130,"column":4},"end":{"line":134,"column":null}},"55":{"start":{"line":136,"column":4},"end":{"line":136,"column":null}},"56":{"start":{"line":138,"column":4},"end":{"line":138,"column":null}}},"fnMap":{"0":{"name":"register","decl":{"start":{"line":8,"column":22},"end":{"line":8,"column":30}},"loc":{"start":{"line":8,"column":78},"end":{"line":36,"column":1}}},"1":{"name":"login","decl":{"start":{"line":38,"column":22},"end":{"line":38,"column":27}},"loc":{"start":{"line":38,"column":75},"end":{"line":78,"column":1}}},"2":{"name":"refresh","decl":{"start":{"line":80,"column":22},"end":{"line":80,"column":29}},"loc":{"start":{"line":80,"column":77},"end":{"line":120,"column":1}}},"3":{"name":"logout","decl":{"start":{"line":122,"column":22},"end":{"line":122,"column":28}},"loc":{"start":{"line":122,"column":76},"end":{"line":140,"column":1}}}},"branchMap":{"0":{"loc":{"start":{"line":31,"column":4},"end":{"line":33,"column":5}},"type":"if","locations":[{"start":{"line":31,"column":4},"end":{"line":33,"column":5}}]},"1":{"loc":{"start":{"line":31,"column":8},"end":{"line":31,"column":83}},"type":"binary-expr","locations":[{"start":{"line":31,"column":8},"end":{"line":31,"column":59}},{"start":{"line":31,"column":63},"end":{"line":31,"column":83}}]},"2":{"loc":{"start":{"line":44,"column":4},"end":{"line":46,"column":5}},"type":"if","locations":[{"start":{"line":44,"column":4},"end":{"line":46,"column":5}}]},"3":{"loc":{"start":{"line":50,"column":4},"end":{"line":52,"column":5}},"type":"if","locations":[{"start":{"line":50,"column":4},"end":{"line":52,"column":5}}]},"4":{"loc":{"start":{"line":83,"column":2},"end":{"line":85,"column":3}},"type":"if","locations":[{"start":{"line":83,"column":2},"end":{"line":85,"column":3}}]},"5":{"loc":{"start":{"line":92,"column":4},"end":{"line":94,"column":5}},"type":"if","locations":[{"start":{"line":92,"column":4},"end":{"line":94,"column":5}}]},"6":{"loc":{"start":{"line":92,"column":8},"end":{"line":92,"column":48}},"type":"binary-expr","locations":[{"start":{"line":92,"column":8},"end":{"line":92,"column":15}},{"start":{"line":92,"column":19},"end":{"line":92,"column":48}}]},"7":{"loc":{"start":{"line":126,"column":4},"end":{"line":128,"column":5}},"type":"if","locations":[{"start":{"line":126,"column":4},"end":{"line":128,"column":5}}]}},"s":{"0":2,"1":2,"2":2,"3":2,"4":2,"5":2,"6":2,"7":2,"8":2,"9":21,"10":21,"11":21,"12":21,"13":20,"14":20,"15":20,"16":20,"17":1,"18":1,"19":0,"20":5,"21":5,"22":5,"23":5,"24":1,"25":4,"26":4,"27":1,"28":3,"29":3,"30":3,"31":3,"32":3,"33":3,"34":0,"35":2,"36":2,"37":1,"38":1,"39":1,"40":1,"41":1,"42":0,"43":1,"44":1,"45":1,"46":1,"47":1,"48":1,"49":0,"50":1,"51":1,"52":1,"53":1,"54":1,"55":1,"56":0},"f":{"0":21,"1":5,"2":2,"3":1},"b":{"0":[1],"1":[1,1],"2":[1],"3":[1],"4":[1],"5":[0],"6":[1,1],"7":[1]}}
,"C:\\Users\\Thomas\\devops-dashboard\\src\\controllers\\user.controller.ts": {"path":"C:\\Users\\Thomas\\devops-dashboard\\src\\controllers\\user.controller.ts","statementMap":{"0":{"start":{"line":8,"column":4},"end":{"line":8,"column":11}},"1":{"start":{"line":36,"column":4},"end":{"line":36,"column":11}},"2":{"start":{"line":49,"column":0},"end":{"line":49,"column":7}},"3":{"start":{"line":73,"column":4},"end":{"line":73,"column":11}},"4":{"start":{"line":3,"column":0},"end":{"line":3,"column":34}},"5":{"start":{"line":4,"column":0},"end":{"line":4,"column":51}},"6":{"start":{"line":5,"column":0},"end":{"line":5,"column":27}},"7":{"start":{"line":6,"column":0},"end":{"line":6,"column":43}},"8":{"start":{"line":9,"column":18},"end":{"line":9,"column":45}},"9":{"start":{"line":11,"column":4},"end":{"line":34,"column":5}},"10":{"start":{"line":12,"column":31},"end":{"line":12,"column":68}},"11":{"start":{"line":14,"column":21},"end":{"line":26,"column":10}},"12":{"start":{"line":28,"column":8},"end":{"line":28,"column":null}},"13":{"start":{"line":30,"column":8},"end":{"line":32,"column":9}},"14":{"start":{"line":31,"column":8},"end":{"line":31,"column":null}},"15":{"start":{"line":33,"column":8},"end":{"line":33,"column":null}},"16":{"start":{"line":37,"column":4},"end":{"line":46,"column":5}},"17":{"start":{"line":38,"column":23},"end":{"line":38,"column":51}},"18":{"start":{"line":39,"column":21},"end":{"line":39,"column":75}},"19":{"start":{"line":40,"column":8},"end":{"line":40,"column":33}},"20":{"start":{"line":42,"column":8},"end":{"line":44,"column":9}},"21":{"start":{"line":43,"column":8},"end":{"line":43,"column":57}},"22":{"start":{"line":45,"column":8},"end":{"line":45,"column":18}},"23":{"start":{"line":51,"column":4},"end":{"line":70,"column":5}},"24":{"start":{"line":52,"column":23},"end":{"line":52,"column":51}},"25":{"start":{"line":53,"column":22},"end":{"line":53,"column":49}},"26":{"start":{"line":54,"column":21},"end":{"line":63,"column":10}},"27":{"start":{"line":64,"column":8},"end":{"line":64,"column":33}},"28":{"start":{"line":66,"column":8},"end":{"line":68,"column":9}},"29":{"start":{"line":67,"column":8},"end":{"line":67,"column":57}},"30":{"start":{"line":69,"column":8},"end":{"line":69,"column":18}},"31":{"start":{"line":74,"column":4},"end":{"line":83,"column":5}},"32":{"start":{"line":75,"column":23},"end":{"line":75,"column":51}},"33":{"start":{"line":76,"column":8},"end":{"line":76,"column":null}},"34":{"start":{"line":77,"column":8},"end":{"line":77,"column":null}},"35":{"start":{"line":79,"column":8},"end":{"line":81,"column":9}},"36":{"start":{"line":80,"column":8},"end":{"line":80,"column":null}},"37":{"start":{"line":82,"column":8},"end":{"line":82,"column":null}}},"fnMap":{"0":{"name":"createUser","decl":{"start":{"line":8,"column":26},"end":{"line":8,"column":36}},"loc":{"start":{"line":8,"column":84},"end":{"line":35,"column":1}}},"1":{"name":"getUserById","decl":{"start":{"line":36,"column":26},"end":{"line":36,"column":37}},"loc":{"start":{"line":36,"column":85},"end":{"line":47,"column":1}}},"2":{"name":"updateUser","decl":{"start":{"line":49,"column":22},"end":{"line":49,"column":32}},"loc":{"start":{"line":49,"column":80},"end":{"line":71,"column":1}}},"3":{"name":"deleteUser","decl":{"start":{"line":73,"column":26},"end":{"line":73,"column":36}},"loc":{"start":{"line":73,"column":84},"end":{"line":84,"column":1}}}},"branchMap":{"0":{"loc":{"start":{"line":30,"column":8},"end":{"line":32,"column":9}},"type":"if","locations":[{"start":{"line":30,"column":8},"end":{"line":32,"column":9}}]},"1":{"loc":{"start":{"line":30,"column":12},"end":{"line":30,"column":87}},"type":"binary-expr","locations":[{"start":{"line":30,"column":12},"end":{"line":30,"column":63}},{"start":{"line":30,"column":67},"end":{"line":30,"column":87}}]},"2":{"loc":{"start":{"line":42,"column":8},"end":{"line":44,"column":9}},"type":"if","locations":[{"start":{"line":42,"column":8},"end":{"line":44,"column":9}}]},"3":{"loc":{"start":{"line":42,"column":12},"end":{"line":42,"column":87}},"type":"binary-expr","locations":[{"start":{"line":42,"column":12},"end":{"line":42,"column":63}},{"start":{"line":42,"column":67},"end":{"line":42,"column":87}}]},"4":{"loc":{"start":{"line":66,"column":8},"end":{"line":68,"column":9}},"type":"if","locations":[{"start":{"line":66,"column":8},"end":{"line":68,"column":9}}]},"5":{"loc":{"start":{"line":66,"column":12},"end":{"line":66,"column":87}},"type":"binary-expr","locations":[{"start":{"line":66,"column":12},"end":{"line":66,"column":63}},{"start":{"line":66,"column":67},"end":{"line":66,"column":87}}]},"6":{"loc":{"start":{"line":79,"column":8},"end":{"line":81,"column":9}},"type":"if","locations":[{"start":{"line":79,"column":8},"end":{"line":81,"column":9}}]},"7":{"loc":{"start":{"line":79,"column":12},"end":{"line":79,"column":87}},"type":"binary-expr","locations":[{"start":{"line":79,"column":12},"end":{"line":79,"column":63}},{"start":{"line":79,"column":67},"end":{"line":79,"column":87}}]}},"s":{"0":2,"1":2,"2":2,"3":2,"4":2,"5":2,"6":2,"7":2,"8":2,"9":2,"10":2,"11":2,"12":1,"13":1,"14":1,"15":0,"16":2,"17":2,"18":2,"19":1,"20":1,"21":1,"22":0,"23":2,"24":2,"25":2,"26":2,"27":1,"28":1,"29":1,"30":0,"31":2,"32":2,"33":2,"34":1,"35":1,"36":1,"37":0},"f":{"0":2,"1":2,"2":2,"3":2},"b":{"0":[1],"1":[1,1],"2":[1],"3":[1,1],"4":[1],"5":[1,1],"6":[1],"7":[1,1]}}
,"C:\\Users\\Thomas\\devops-dashboard\\src\\generated\\prisma\\client.ts": {"path":"C:\\Users\\Thomas\\devops-dashboard\\src\\generated\\prisma\\client.ts","statementMap":{"0":{"start":{"line":18,"column":0},"end":{"line":18,"column":42}},"1":{"start":{"line":19,"column":0},"end":{"line":19,"column":52}},"2":{"start":{"line":40,"column":9},"end":{"line":40,"column":15}},"3":{"start":{"line":21,"column":0},"end":{"line":21,"column":33}},"4":{"start":{"line":22,"column":0},"end":{"line":22,"column":23}},"5":{"start":{"line":38,"column":13},"end":{"line":38,"column":null}}},"fnMap":{},"branchMap":{},"s":{"0":2,"1":2,"2":2,"3":2,"4":2,"5":2},"f":{},"b":{}}
,"C:\\Users\\Thomas\\devops-dashboard\\src\\generated\\prisma\\internal\\class.ts": {"path":"C:\\Users\\Thomas\\devops-dashboard\\src\\generated\\prisma\\internal\\class.ts","statementMap":{"0":{"start":{"line":212,"column":0},"end":{"line":212,"column":16}},"1":{"start":{"line":14,"column":0},"end":{"line":14,"column":56}},"2":{"start":{"line":18,"column":46},"end":{"line":33,"column":null}},"3":{"start":{"line":35,"column":0},"end":{"line":35,"column":null}},"4":{"start":{"line":36,"column":0},"end":{"line":39,"column":null}},"5":{"start":{"line":42,"column":21},"end":{"line":42,"column":48}},"6":{"start":{"line":43,"column":20},"end":{"line":43,"column":53}},"7":{"start":{"line":44,"column":2},"end":{"line":44,"column":null}},"8":{"start":{"line":47,"column":0},"end":{"line":56,"column":null}},"9":{"start":{"line":48,"column":26},"end":{"line":48,"column":101}},"10":{"start":{"line":51,"column":21},"end":{"line":51,"column":108}},"11":{"start":{"line":52,"column":4},"end":{"line":52,"column":null}},"12":{"start":{"line":213,"column":2},"end":{"line":213,"column":null}}},"fnMap":{"0":{"name":"decodeBase64AsWasm","decl":{"start":{"line":41,"column":15},"end":{"line":41,"column":33}},"loc":{"start":{"line":41,"column":52},"end":{"line":45,"column":1}}},"1":{"name":"(anonymous_10)","decl":{"start":{"line":42,"column":21},"end":{"line":42,"column":34}},"loc":{"start":{"line":42,"column":21},"end":{"line":42,"column":48}}},"2":{"name":"(anonymous_11)","decl":{"start":{"line":48,"column":14},"end":{"line":48,"column":19}},"loc":{"start":{"line":48,"column":26},"end":{"line":48,"column":101}}},"3":{"name":"(anonymous_12)","decl":{"start":{"line":48,"column":26},"end":{"line":48,"column":39}},"loc":{"start":{"line":48,"column":26},"end":{"line":48,"column":101}}},"4":{"name":"(anonymous_13)","decl":{"start":{"line":50,"column":30},"end":{"line":50,"column":35}},"loc":{"start":{"line":50,"column":41},"end":{"line":53,"column":3}}},"5":{"name":"(anonymous_14)","decl":{"start":{"line":51,"column":21},"end":{"line":51,"column":34}},"loc":{"start":{"line":51,"column":21},"end":{"line":51,"column":108}}},"6":{"name":"getPrismaClientClass","decl":{"start":{"line":212,"column":16},"end":{"line":212,"column":36}},"loc":{"start":{"line":212,"column":36},"end":{"line":214,"column":1}}}},"branchMap":{},"s":{"0":2,"1":2,"2":2,"3":2,"4":2,"5":4,"6":2,"7":2,"8":2,"9":4,"10":4,"11":2,"12":2},"f":{"0":2,"1":2,"2":2,"3":2,"4":2,"5":2,"6":2},"b":{}}
,"C:\\Users\\Thomas\\devops-dashboard\\src\\generated\\prisma\\internal\\prismaNamespace.ts": {"path":"C:\\Users\\Thomas\\devops-dashboard\\src\\generated\\prisma\\internal\\prismaNamespace.ts","statementMap":{"0":{"start":{"line":18,"column":0},"end":{"line":18,"column":56}},"1":{"start":{"line":32,"column":13},"end":{"line":32,"column":null}},"2":{"start":{"line":35,"column":13},"end":{"line":35,"column":null}},"3":{"start":{"line":38,"column":13},"end":{"line":38,"column":null}},"4":{"start":{"line":41,"column":13},"end":{"line":41,"column":null}},"5":{"start":{"line":44,"column":13},"end":{"line":44,"column":null}},"6":{"start":{"line":50,"column":13},"end":{"line":50,"column":null}},"7":{"start":{"line":51,"column":13},"end":{"line":51,"column":null}},"8":{"start":{"line":52,"column":13},"end":{"line":52,"column":null}},"9":{"start":{"line":53,"column":13},"end":{"line":53,"column":null}},"10":{"start":{"line":54,"column":13},"end":{"line":54,"column":null}},"11":{"start":{"line":62,"column":13},"end":{"line":62,"column":null}},"12":{"start":{"line":71,"column":13},"end":{"line":71,"column":null}},"13":{"start":{"line":86,"column":13},"end":{"line":89,"column":null}},"14":{"start":{"line":104,"column":13},"end":{"line":108,"column":null}},"15":{"start":{"line":114,"column":13},"end":{"line":114,"column":null}},"16":{"start":{"line":121,"column":13},"end":{"line":121,"column":null}},"17":{"start":{"line":128,"column":13},"end":{"line":128,"column":null}},"18":{"start":{"line":386,"column":13},"end":{"line":389,"column":null}},"19":{"start":{"line":585,"column":13},"end":{"line":590,"column":null}},"20":{"start":{"line":595,"column":13},"end":{"line":602,"column":null}},"21":{"start":{"line":607,"column":13},"end":{"line":613,"column":null}},"22":{"start":{"line":618,"column":13},"end":{"line":621,"column":null}},"23":{"start":{"line":626,"column":13},"end":{"line":629,"column":null}},"24":{"start":{"line":688,"column":13},"end":{"line":688,"column":null}}},"fnMap":{},"branchMap":{},"s":{"0":2,"1":2,"2":2,"3":2,"4":2,"5":2,"6":2,"7":2,"8":2,"9":2,"10":2,"11":2,"12":2,"13":2,"14":2,"15":2,"16":2,"17":2,"18":2,"19":2,"20":2,"21":2,"22":2,"23":2,"24":2},"f":{},"b":{}}
,"C:\\Users\\Thomas\\devops-dashboard\\src\\lib\\AppError.ts": {"path":"C:\\Users\\Thomas\\devops-dashboard\\src\\lib\\AppError.ts","statementMap":{"0":{"start":{"line":7,"column":6},"end":{"line":7,"column":21}},"1":{"start":{"line":8,"column":6},"end":{"line":8,"column":29}},"2":{"start":{"line":9,"column":6},"end":{"line":9,"column":35}},"3":{"start":{"line":3,"column":0},"end":{"line":3,"column":13}}},"fnMap":{"0":{"name":"(anonymous_0)","decl":{"start":{"line":6,"column":4},"end":{"line":6,"column":16}},"loc":{"start":{"line":6,"column":51},"end":{"line":10,"column":5}}}},"branchMap":{},"s":{"0":10,"1":10,"2":10,"3":2},"f":{"0":10},"b":{}}
,"C:\\Users\\Thomas\\devops-dashboard\\src\\lib\\jwt.ts": {"path":"C:\\Users\\Thomas\\devops-dashboard\\src\\lib\\jwt.ts","statementMap":{"0":{"start":{"line":7,"column":0},"end":{"line":7,"column":16}},"1":{"start":{"line":11,"column":0},"end":{"line":11,"column":16}},"2":{"start":{"line":15,"column":0},"end":{"line":15,"column":16}},"3":{"start":{"line":19,"column":0},"end":{"line":19,"column":16}},"4":{"start":{"line":1,"column":0},"end":{"line":1,"column":31}},"5":{"start":{"line":2,"column":0},"end":{"line":2,"column":36}},"6":{"start":{"line":4,"column":22},"end":{"line":4,"column":52}},"7":{"start":{"line":5,"column":23},"end":{"line":5,"column":54}},"8":{"start":{"line":8,"column":2},"end":{"line":8,"column":67}},"9":{"start":{"line":12,"column":2},"end":{"line":12,"column":86}},"10":{"start":{"line":16,"column":2},"end":{"line":16,"column":64}},"11":{"start":{"line":20,"column":2},"end":{"line":20,"column":65}}},"fnMap":{"0":{"name":"signAccessToken","decl":{"start":{"line":7,"column":16},"end":{"line":7,"column":31}},"loc":{"start":{"line":7,"column":46},"end":{"line":9,"column":1}}},"1":{"name":"signRefreshToken","decl":{"start":{"line":11,"column":16},"end":{"line":11,"column":32}},"loc":{"start":{"line":11,"column":47},"end":{"line":13,"column":1}}},"2":{"name":"verifyAccessToken","decl":{"start":{"line":15,"column":16},"end":{"line":15,"column":33}},"loc":{"start":{"line":15,"column":47},"end":{"line":17,"column":1}}},"3":{"name":"verifyRefreshToken","decl":{"start":{"line":19,"column":16},"end":{"line":19,"column":34}},"loc":{"start":{"line":19,"column":48},"end":{"line":21,"column":1}}}},"branchMap":{},"s":{"0":2,"1":2,"2":2,"3":2,"4":2,"5":2,"6":2,"7":2,"8":24,"9":24,"10":6,"11":1},"f":{"0":24,"1":24,"2":6,"3":1},"b":{}}
,"C:\\Users\\Thomas\\devops-dashboard\\src\\lib\\logger.ts": {"path":"C:\\Users\\Thomas\\devops-dashboard\\src\\lib\\logger.ts","statementMap":{"0":{"start":{"line":1,"column":0},"end":{"line":1,"column":23}},"1":{"start":{"line":3,"column":15},"end":{"line":8,"column":2}},"2":{"start":{"line":10,"column":0},"end":{"line":10,"column":null}}},"fnMap":{},"branchMap":{"0":{"loc":{"start":{"line":4,"column":9},"end":{"line":4,"column":40}},"type":"binary-expr","locations":[{"start":{"line":4,"column":9},"end":{"line":4,"column":30}},{"start":{"line":4,"column":34},"end":{"line":4,"column":40}}]},"1":{"loc":{"start":{"line":5,"column":13},"end":{"line":7,"column":15}},"type":"cond-expr","locations":[{"start":{"line":6,"column":6},"end":{"line":6,"column":31}},{"start":{"line":7,"column":6},"end":{"line":7,"column":15}}]}},"s":{"0":2,"1":2,"2":2},"f":{},"b":{"0":[2,2],"1":[2,0]}}
,"C:\\Users\\Thomas\\devops-dashboard\\src\\lib\\prisma.ts": {"path":"C:\\Users\\Thomas\\devops-dashboard\\src\\lib\\prisma.ts","statementMap":{"0":{"start":{"line":1,"column":0},"end":{"line":1,"column":22}},"1":{"start":{"line":2,"column":0},"end":{"line":2,"column":57}},"2":{"start":{"line":3,"column":0},"end":{"line":3,"column":45}},"3":{"start":{"line":5,"column":15},"end":{"line":5,"column":46}},"4":{"start":{"line":6,"column":25},"end":{"line":8,"column":29}},"5":{"start":{"line":10,"column":16},"end":{"line":10,"column":50}},"6":{"start":{"line":11,"column":15},"end":{"line":11,"column":44}},"7":{"start":{"line":13,"column":0},"end":{"line":13,"column":null}}},"fnMap":{},"branchMap":{"0":{"loc":{"start":{"line":6,"column":25},"end":{"line":8,"column":29}},"type":"cond-expr","locations":[{"start":{"line":7,"column":4},"end":{"line":7,"column":34}},{"start":{"line":8,"column":4},"end":{"line":8,"column":29}}]}},"s":{"0":2,"1":2,"2":2,"3":2,"4":2,"5":2,"6":2,"7":2},"f":{},"b":{"0":[2,0]}}
,"C:\\Users\\Thomas\\devops-dashboard\\src\\middleware\\auth.ts": {"path":"C:\\Users\\Thomas\\devops-dashboard\\src\\middleware\\auth.ts","statementMap":{"0":{"start":{"line":4,"column":0},"end":{"line":4,"column":16}},"1":{"start":{"line":2,"column":0},"end":{"line":2,"column":46}},"2":{"start":{"line":5,"column":23},"end":{"line":5,"column":48}},"3":{"start":{"line":7,"column":4},"end":{"line":10,"column":5}},"4":{"start":{"line":8,"column":8},"end":{"line":8,"column":null}},"5":{"start":{"line":9,"column":8},"end":{"line":9,"column":14}},"6":{"start":{"line":12,"column":18},"end":{"line":12,"column":42}},"7":{"start":{"line":14,"column":4},"end":{"line":20,"column":5}},"8":{"start":{"line":15,"column":24},"end":{"line":15,"column":48}},"9":{"start":{"line":16,"column":8},"end":{"line":16,"column":null}},"10":{"start":{"line":17,"column":8},"end":{"line":17,"column":null}},"11":{"start":{"line":19,"column":8},"end":{"line":19,"column":null}}},"fnMap":{"0":{"name":"authenticate","decl":{"start":{"line":4,"column":16},"end":{"line":4,"column":28}},"loc":{"start":{"line":4,"column":76},"end":{"line":21,"column":1}}}},"branchMap":{"0":{"loc":{"start":{"line":7,"column":4},"end":{"line":10,"column":5}},"type":"if","locations":[{"start":{"line":7,"column":4},"end":{"line":10,"column":5}}]},"1":{"loc":{"start":{"line":7,"column":8},"end":{"line":7,"column":56}},"type":"binary-expr","locations":[{"start":{"line":7,"column":8},"end":{"line":7,"column":19}},{"start":{"line":7,"column":23},"end":{"line":7,"column":56}}]}},"s":{"0":2,"1":2,"2":9,"3":9,"4":3,"5":3,"6":6,"7":6,"8":6,"9":6,"10":6,"11":0},"f":{"0":9},"b":{"0":[3],"1":[9,6]}}
,"C:\\Users\\Thomas\\devops-dashboard\\src\\middleware\\errorHandler.ts": {"path":"C:\\Users\\Thomas\\devops-dashboard\\src\\middleware\\errorHandler.ts","statementMap":{"0":{"start":{"line":5,"column":0},"end":{"line":5,"column":16}},"1":{"start":{"line":2,"column":0},"end":{"line":2,"column":43}},"2":{"start":{"line":3,"column":0},"end":{"line":3,"column":35}},"3":{"start":{"line":11,"column":2},"end":{"line":15,"column":3}},"4":{"start":{"line":12,"column":4},"end":{"line":12,"column":null}},"5":{"start":{"line":13,"column":4},"end":{"line":13,"column":60}},"6":{"start":{"line":14,"column":4},"end":{"line":14,"column":11}},"7":{"start":{"line":17,"column":2},"end":{"line":17,"column":null}},"8":{"start":{"line":18,"column":2},"end":{"line":18,"column":59}}},"fnMap":{"0":{"name":"errorHandler","decl":{"start":{"line":5,"column":16},"end":{"line":5,"column":28}},"loc":{"start":{"line":9,"column":20},"end":{"line":19,"column":1}}}},"branchMap":{"0":{"loc":{"start":{"line":11,"column":2},"end":{"line":15,"column":3}},"type":"if","locations":[{"start":{"line":11,"column":2},"end":{"line":15,"column":3}}]}},"s":{"0":2,"1":2,"2":2,"3":10,"4":10,"5":10,"6":10,"7":0,"8":0},"f":{"0":10},"b":{"0":[10]}}
,"C:\\Users\\Thomas\\devops-dashboard\\src\\middleware\\validate.ts": {"path":"C:\\Users\\Thomas\\devops-dashboard\\src\\middleware\\validate.ts","statementMap":{"0":{"start":{"line":5,"column":0},"end":{"line":5,"column":16}},"1":{"start":{"line":3,"column":0},"end":{"line":3,"column":42}},"2":{"start":{"line":6,"column":2},"end":{"line":19,"column":null}},"3":{"start":{"line":7,"column":19},"end":{"line":7,"column":45}},"4":{"start":{"line":9,"column":4},"end":{"line":15,"column":5}},"5":{"start":{"line":10,"column":24},"end":{"line":12,"column":19}},"6":{"start":{"line":11,"column":34},"end":{"line":11,"column":74}},"7":{"start":{"line":14,"column":6},"end":{"line":14,"column":null}},"8":{"start":{"line":17,"column":4},"end":{"line":17,"column":null}},"9":{"start":{"line":18,"column":4},"end":{"line":18,"column":null}}},"fnMap":{"0":{"name":"validate","decl":{"start":{"line":5,"column":16},"end":{"line":5,"column":24}},"loc":{"start":{"line":5,"column":42},"end":{"line":20,"column":1}}},"1":{"name":"(anonymous_1)","decl":{"start":{"line":6,"column":9},"end":{"line":6,"column":10}},"loc":{"start":{"line":6,"column":61},"end":{"line":19,"column":3}}},"2":{"name":"(anonymous_2)","decl":{"start":{"line":11,"column":13},"end":{"line":11,"column":14}},"loc":{"start":{"line":11,"column":34},"end":{"line":11,"column":74}}}},"branchMap":{"0":{"loc":{"start":{"line":9,"column":4},"end":{"line":15,"column":5}},"type":"if","locations":[{"start":{"line":9,"column":4},"end":{"line":15,"column":5}}]},"1":{"loc":{"start":{"line":11,"column":48},"end":{"line":11,"column":60}},"type":"binary-expr","locations":[{"start":{"line":11,"column":48},"end":{"line":11,"column":54}},{"start":{"line":11,"column":58},"end":{"line":11,"column":60}}]}},"s":{"0":2,"1":2,"2":8,"3":32,"4":32,"5":2,"6":3,"7":2,"8":30,"9":30},"f":{"0":8,"1":32,"2":3},"b":{"0":[2],"1":[3,0]}}
,"C:\\Users\\Thomas\\devops-dashboard\\src\\routes\\auth.routes.ts": {"path":"C:\\Users\\Thomas\\devops-dashboard\\src\\routes\\auth.routes.ts","statementMap":{"0":{"start":{"line":1,"column":0},"end":{"line":1,"column":32}},"1":{"start":{"line":2,"column":0},"end":{"line":2,"column":81}},"2":{"start":{"line":3,"column":0},"end":{"line":3,"column":49}},"3":{"start":{"line":4,"column":0},"end":{"line":4,"column":57}},"4":{"start":{"line":5,"column":0},"end":{"line":5,"column":52}},"5":{"start":{"line":7,"column":15},"end":{"line":7,"column":23}},"6":{"start":{"line":9,"column":0},"end":{"line":9,"column":null}},"7":{"start":{"line":10,"column":0},"end":{"line":10,"column":null}},"8":{"start":{"line":11,"column":0},"end":{"line":11,"column":null}},"9":{"start":{"line":12,"column":0},"end":{"line":12,"column":null}},"10":{"start":{"line":14,"column":0},"end":{"line":14,"column":null}}},"fnMap":{},"branchMap":{},"s":{"0":2,"1":2,"2":2,"3":2,"4":2,"5":2,"6":2,"7":2,"8":2,"9":2,"10":2},"f":{},"b":{}}
,"C:\\Users\\Thomas\\devops-dashboard\\src\\routes\\user.routes.ts": {"path":"C:\\Users\\Thomas\\devops-dashboard\\src\\routes\\user.routes.ts","statementMap":{"0":{"start":{"line":1,"column":0},"end":{"line":1,"column":32}},"1":{"start":{"line":2,"column":0},"end":{"line":2,"column":96}},"2":{"start":{"line":3,"column":0},"end":{"line":3,"column":49}},"3":{"start":{"line":4,"column":0},"end":{"line":4,"column":75}},"4":{"start":{"line":5,"column":0},"end":{"line":5,"column":49}},"5":{"start":{"line":7,"column":15},"end":{"line":7,"column":23}},"6":{"start":{"line":10,"column":0},"end":{"line":10,"column":null}},"7":{"start":{"line":11,"column":0},"end":{"line":11,"column":null}},"8":{"start":{"line":12,"column":0},"end":{"line":12,"column":null}},"9":{"start":{"line":13,"column":0},"end":{"line":13,"column":null}},"10":{"start":{"line":15,"column":0},"end":{"line":15,"column":null}}},"fnMap":{},"branchMap":{},"s":{"0":2,"1":2,"2":2,"3":2,"4":2,"5":2,"6":2,"7":2,"8":2,"9":2,"10":2},"f":{},"b":{}}
,"C:\\Users\\Thomas\\devops-dashboard\\src\\schemas\\auth.schema.ts": {"path":"C:\\Users\\Thomas\\devops-dashboard\\src\\schemas\\auth.schema.ts","statementMap":{"0":{"start":{"line":1,"column":0},"end":{"line":1,"column":23}},"1":{"start":{"line":3,"column":13},"end":{"line":6,"column":null}}},"fnMap":{},"branchMap":{},"s":{"0":2,"1":2},"f":{},"b":{}}
,"C:\\Users\\Thomas\\devops-dashboard\\src\\schemas\\user.schema.ts": {"path":"C:\\Users\\Thomas\\devops-dashboard\\src\\schemas\\user.schema.ts","statementMap":{"0":{"start":{"line":1,"column":0},"end":{"line":1,"column":23}},"1":{"start":{"line":3,"column":13},"end":{"line":7,"column":null}},"2":{"start":{"line":11,"column":13},"end":{"line":14,"column":null}}},"fnMap":{},"branchMap":{},"s":{"0":2,"1":2,"2":2},"f":{},"b":{}}
}
