TN:
SF:src\app.ts
FN:13,(anonymous_1)
FN:15,(anonymous_2)
FN:36,(anonymous_3)
FNF:3
FNH:2
FNDA:42,(anonymous_1)
FNDA:42,(anonymous_2)
FNDA:0,(anonymous_3)
DA:1,2
DA:2,2
DA:3,2
DA:4,2
DA:5,2
DA:6,2
DA:7,2
DA:8,2
DA:11,2
DA:13,2
DA:14,42
DA:15,42
DA:16,42
DA:23,42
DA:26,2
DA:30,2
DA:31,2
DA:32,2
DA:33,2
DA:34,2
DA:36,2
DA:37,0
LF:22
LH:21
BRF:0
BRH:0
end_of_record
TN:
SF:src\controllers\auth.controller.ts
FN:8,register
FN:38,login
FN:80,refresh
FN:122,logout
FNF:4
FNH:4
FNDA:21,register
FNDA:5,login
FNDA:2,refresh
FNDA:1,logout
DA:2,2
DA:3,2
DA:4,2
DA:5,2
DA:6,2
DA:8,2
DA:9,21
DA:10,21
DA:11,21
DA:13,21
DA:18,20
DA:19,20
DA:21,20
DA:29,20
DA:31,1
DA:32,1
DA:34,0
DA:38,2
DA:39,5
DA:41,5
DA:42,5
DA:44,5
DA:45,1
DA:48,4
DA:50,4
DA:51,1
DA:54,3
DA:55,3
DA:57,3
DA:65,3
DA:67,3
DA:74,3
DA:76,0
DA:80,2
DA:81,2
DA:83,2
DA:84,1
DA:87,1
DA:88,1
DA:90,1
DA:92,1
DA:93,0
DA:96,1
DA:97,1
DA:99,1
DA:100,1
DA:108,1
DA:115,1
DA:118,0
DA:122,2
DA:123,1
DA:124,1
DA:126,1
DA:127,1
DA:130,1
DA:136,1
DA:138,0
LF:57
LH:52
BRDA:31,0,0,1
BRDA:31,1,0,1
BRDA:31,1,1,1
BRDA:44,2,0,1
BRDA:50,3,0,1
BRDA:83,4,0,1
BRDA:92,5,0,0
BRDA:92,6,0,1
BRDA:92,6,1,1
BRDA:126,7,0,1
BRF:10
BRH:9
end_of_record
TN:
SF:src\controllers\user.controller.ts
FN:8,createUser
FN:36,getUserById
FN:49,updateUser
FN:73,deleteUser
FNF:4
FNH:4
FNDA:2,createUser
FNDA:2,getUserById
FNDA:2,updateUser
FNDA:2,deleteUser
DA:3,2
DA:4,2
DA:5,2
DA:6,2
DA:8,2
DA:9,2
DA:11,2
DA:12,2
DA:14,2
DA:28,1
DA:30,1
DA:31,1
DA:33,0
DA:36,2
DA:37,2
DA:38,2
DA:39,2
DA:40,1
DA:42,1
DA:43,1
DA:45,0
DA:49,2
DA:51,2
DA:52,2
DA:53,2
DA:54,2
DA:64,1
DA:66,1
DA:67,1
DA:69,0
DA:73,2
DA:74,2
DA:75,2
DA:76,2
DA:77,1
DA:79,1
DA:80,1
DA:82,0
LF:38
LH:34
BRDA:30,0,0,1
BRDA:30,1,0,1
BRDA:30,1,1,1
BRDA:42,2,0,1
BRDA:42,3,0,1
BRDA:42,3,1,1
BRDA:66,4,0,1
BRDA:66,5,0,1
BRDA:66,5,1,1
BRDA:79,6,0,1
BRDA:79,7,0,1
BRDA:79,7,1,1
BRF:12
BRH:12
end_of_record
TN:
SF:src\generated\prisma\client.ts
FNF:0
FNH:0
DA:18,2
DA:19,2
DA:21,2
DA:22,2
DA:38,2
DA:40,2
LF:6
LH:6
BRF:0
BRH:0
end_of_record
TN:
SF:src\generated\prisma\internal\class.ts
FN:41,decodeBase64AsWasm
FN:42,(anonymous_10)
FN:48,(anonymous_11)
FN:48,(anonymous_12)
FN:50,(anonymous_13)
FN:51,(anonymous_14)
FN:212,getPrismaClientClass
FNF:7
FNH:7
FNDA:2,decodeBase64AsWasm
FNDA:2,(anonymous_10)
FNDA:2,(anonymous_11)
FNDA:2,(anonymous_12)
FNDA:2,(anonymous_13)
FNDA:2,(anonymous_14)
FNDA:2,getPrismaClientClass
DA:14,2
DA:18,2
DA:35,2
DA:36,2
DA:42,4
DA:43,2
DA:44,2
DA:47,2
DA:48,4
DA:51,4
DA:52,2
DA:212,2
DA:213,2
LF:13
LH:13
BRF:0
BRH:0
end_of_record
TN:
SF:src\generated\prisma\internal\prismaNamespace.ts
FNF:0
FNH:0
DA:18,2
DA:32,2
DA:35,2
DA:38,2
DA:41,2
DA:44,2
DA:50,2
DA:51,2
DA:52,2
DA:53,2
DA:54,2
DA:62,2
DA:71,2
DA:86,2
DA:104,2
DA:114,2
DA:121,2
DA:128,2
DA:386,2
DA:585,2
DA:595,2
DA:607,2
DA:618,2
DA:626,2
DA:688,2
LF:25
LH:25
BRF:0
BRH:0
end_of_record
TN:
SF:src\lib\AppError.ts
FN:6,(anonymous_0)
FNF:1
FNH:1
FNDA:10,(anonymous_0)
DA:3,2
DA:7,10
DA:8,10
DA:9,10
LF:4
LH:4
BRF:0
BRH:0
end_of_record
TN:
SF:src\lib\jwt.ts
FN:7,signAccessToken
FN:11,signRefreshToken
FN:15,verifyAccessToken
FN:19,verifyRefreshToken
FNF:4
FNH:4
FNDA:24,signAccessToken
FNDA:24,signRefreshToken
FNDA:6,verifyAccessToken
FNDA:1,verifyRefreshToken
DA:1,2
DA:2,2
DA:4,2
DA:5,2
DA:7,2
DA:8,24
DA:11,2
DA:12,24
DA:15,2
DA:16,6
DA:19,2
DA:20,1
LF:12
LH:12
BRF:0
BRH:0
end_of_record
TN:
SF:src\lib\logger.ts
FNF:0
FNH:0
DA:1,2
DA:3,2
DA:10,2
LF:3
LH:3
BRDA:4,0,0,2
BRDA:4,0,1,2
BRDA:5,1,0,2
BRDA:5,1,1,0
BRF:4
BRH:3
end_of_record
TN:
SF:src\lib\prisma.ts
FNF:0
FNH:0
DA:1,2
DA:2,2
DA:3,2
DA:5,2
DA:6,2
DA:10,2
DA:11,2
DA:13,2
LF:8
LH:8
BRDA:6,0,0,2
BRDA:6,0,1,0
BRF:2
BRH:1
end_of_record
TN:
SF:src\middleware\auth.ts
FN:4,authenticate
FNF:1
FNH:1
FNDA:9,authenticate
DA:2,2
DA:4,2
DA:5,9
DA:7,9
DA:8,3
DA:9,3
DA:12,6
DA:14,6
DA:15,6
DA:16,6
DA:17,6
DA:19,0
LF:12
LH:11
BRDA:7,0,0,3
BRDA:7,1,0,9
BRDA:7,1,1,6
BRF:3
BRH:3
end_of_record
TN:
SF:src\middleware\errorHandler.ts
FN:5,errorHandler
FNF:1
FNH:1
FNDA:10,errorHandler
DA:2,2
DA:3,2
DA:5,2
DA:11,10
DA:12,10
DA:13,10
DA:14,10
DA:17,0
DA:18,0
LF:9
LH:7
BRDA:11,0,0,10
BRF:1
BRH:1
end_of_record
TN:
SF:src\middleware\validate.ts
FN:5,validate
FN:6,(anonymous_1)
FN:11,(anonymous_2)
FNF:3
FNH:3
FNDA:8,validate
FNDA:32,(anonymous_1)
FNDA:3,(anonymous_2)
DA:3,2
DA:5,2
DA:6,8
DA:7,32
DA:9,32
DA:10,2
DA:11,3
DA:14,2
DA:17,30
DA:18,30
LF:10
LH:10
BRDA:9,0,0,2
BRDA:11,1,0,3
BRDA:11,1,1,0
BRF:3
BRH:2
end_of_record
TN:
SF:src\routes\auth.routes.ts
FNF:0
FNH:0
DA:1,2
DA:2,2
DA:3,2
DA:4,2
DA:5,2
DA:7,2
DA:9,2
DA:10,2
DA:11,2
DA:12,2
DA:14,2
LF:11
LH:11
BRF:0
BRH:0
end_of_record
TN:
SF:src\routes\user.routes.ts
FNF:0
FNH:0
DA:1,2
DA:2,2
DA:3,2
DA:4,2
DA:5,2
DA:7,2
DA:10,2
DA:11,2
DA:12,2
DA:13,2
DA:15,2
LF:11
LH:11
BRF:0
BRH:0
end_of_record
TN:
SF:src\schemas\auth.schema.ts
FNF:0
FNH:0
DA:1,2
DA:3,2
LF:2
LH:2
BRF:0
BRH:0
end_of_record
TN:
SF:src\schemas\user.schema.ts
FNF:0
FNH:0
DA:1,2
DA:3,2
DA:11,2
LF:3
LH:3
BRF:0
BRH:0
end_of_record
